<?xml version="1.0" encoding="UTF-8"?>
<!-- Generated by org.testng.reporters.JUnitReportReporter -->
<testsuite hostname="DESKTOP-1RQ9BF1" failures="0" tests="1" name="reporting.Extnt" time="0.943" errors="0" timestamp="2023-05-27T15:32:12 IST" skipped="0">
  <testcase classname="reporting.Extnt" name="test1" time="0.943"/>
  <system-out/>
</testsuite> <!-- reporting.Extnt -->
