<?xml version="1.0" encoding="UTF-8"?>
<!-- Generated by org.testng.reporters.JUnitReportReporter -->
<testsuite hostname="DESKTOP-1RQ9BF1" failures="0" tests="1" name="test_script.TestScript1" time="27.274" errors="0" timestamp="2023-05-26T18:52:11 IST" skipped="0">
  <testcase classname="test_script.TestScript1" name="test" time="27.274"/>
  <system-out/>
</testsuite> <!-- test_script.TestScript1 -->
