<?xml version="1.0" encoding="UTF-8"?>
<!-- Generated by org.testng.reporters.JUnitReportReporter -->
<testsuite hostname="DESKTOP-1RQ9BF1" failures="0" tests="1" name="reporting.Log4" time="0.135" errors="0" timestamp="2023-05-28T10:02:02 IST" skipped="0">
  <testcase classname="reporting.Log4" name="test1" time="0.135"/>
  <system-out/>
</testsuite> <!-- reporting.Log4 -->
